<?xml version="1.0" encoding="UTF-8"?>
<!-- Generated by org.testng.reporters.JUnitXMLReporter -->
<testsuite hostname="DESKTOP-MGLQSO3" ignored="8" name="Automation Practice" tests="3" failures="0" timestamp="2020-06-24T19:13:59 IST" time="137.545" errors="0">
  <testcase name="createUserAndValidate" time="53.268" classname="com.insticator.automationtask.testcases.UserCreationTestCase"/>
  <testcase name="productPurchaseAndValidate" time="42.093" classname="com.insticator.automationtask.testcases.OrderAProductTestCase"/>
  <testcase name="seachProductAndValidate" time="27.307" classname="com.insticator.automationtask.testcases.SearchProductTestCase"/>
  <testcase name="@AfterTest closeBrowser" time="0.0" classname="com.insticator.automationtask.testbase.BaseTest">
    <ignored/>
  </testcase> <!-- @AfterTest closeBrowser -->
  <testcase name="@AfterTest closeBrowser" time="0.0" classname="com.insticator.automationtask.testbase.BaseTest">
    <ignored/>
  </testcase> <!-- @AfterTest closeBrowser -->
  <testcase name="@BeforeSuite initializeReport" time="0.0" classname="com.insticator.automationtask.testbase.BaseTest">
    <ignored/>
  </testcase> <!-- @BeforeSuite initializeReport -->
  <testcase name="@BeforeSuite initializeReport" time="0.0" classname="com.insticator.automationtask.testbase.BaseTest">
    <ignored/>
  </testcase> <!-- @BeforeSuite initializeReport -->
  <testcase name="@AfterSuite tearDown" time="0.0" classname="com.insticator.automationtask.testbase.BaseTest">
    <ignored/>
  </testcase> <!-- @AfterSuite tearDown -->
  <testcase name="@AfterSuite tearDown" time="0.0" classname="com.insticator.automationtask.testbase.BaseTest">
    <ignored/>
  </testcase> <!-- @AfterSuite tearDown -->
  <testcase name="@BeforeTest initialization" time="0.0" classname="com.insticator.automationtask.testbase.BaseTest">
    <ignored/>
  </testcase> <!-- @BeforeTest initialization -->
  <testcase name="@BeforeTest initialization" time="0.0" classname="com.insticator.automationtask.testbase.BaseTest">
    <ignored/>
  </testcase> <!-- @BeforeTest initialization -->
</testsuite> <!-- Automation Practice -->
