<?xml version="1.0" encoding="UTF-8"?>
<testng-results skipped="0" failed="0" ignored="8" total="11" passed="3">
  <reporter-output>
  </reporter-output>
  <suite name="Automation Test Practice Suite" duration-ms="137545" started-at="2020-06-24T19:11:42 IST" finished-at="2020-06-24T19:13:59 IST">
    <groups>
    </groups>
    <test name="Automation Practice" duration-ms="137545" started-at="2020-06-24T19:11:42 IST" finished-at="2020-06-24T19:13:59 IST">
      <class name="com.insticator.automationtask.testcases.OrderAProductTestCase">
        <test-method status="PASS" signature="productPurchaseAndValidate()[pri:1, instance:com.insticator.automationtask.testcases.OrderAProductTestCase@370736d9]" name="productPurchaseAndValidate" duration-ms="42093" started-at="2020-06-24T19:12:49 IST" finished-at="2020-06-24T19:13:32 IST">
          <reporter-output>
          </reporter-output>
        </test-method> <!-- productPurchaseAndValidate -->
        <test-method status="PASS" signature="getResult(org.testng.ITestResult)[pri:0, instance:com.insticator.automationtask.testcases.OrderAProductTestCase@370736d9]" name="getResult" is-config="true" duration-ms="2" started-at="2020-06-24T19:13:32 IST" finished-at="2020-06-24T19:13:32 IST">
          <params>
            <param index="0">
              <value>
                <![CDATA[[TestResult name=productPurchaseAndValidate status=SUCCESS method=OrderAProductTestCase.productPurchaseAndValidate()[pri:1, instance:com.insticator.automationtask.testcases.OrderAProductTestCase@370736d9] output={null}]]]>
              </value>
            </param>
          </params>
          <reporter-output>
          </reporter-output>
        </test-method> <!-- getResult -->
      </class> <!-- com.insticator.automationtask.testcases.OrderAProductTestCase -->
      <class name="com.insticator.automationtask.testcases.SearchProductTestCase">
        <test-method status="PASS" signature="seachProductAndValidate()[pri:1, instance:com.insticator.automationtask.testcases.SearchProductTestCase@5f9d02cb]" name="seachProductAndValidate" duration-ms="27307" started-at="2020-06-24T19:13:32 IST" finished-at="2020-06-24T19:13:59 IST">
          <reporter-output>
          </reporter-output>
        </test-method> <!-- seachProductAndValidate -->
        <test-method status="PASS" signature="getResult(org.testng.ITestResult)[pri:0, instance:com.insticator.automationtask.testcases.SearchProductTestCase@5f9d02cb]" name="getResult" is-config="true" duration-ms="1" started-at="2020-06-24T19:13:59 IST" finished-at="2020-06-24T19:13:59 IST">
          <params>
            <param index="0">
              <value>
                <![CDATA[[TestResult name=seachProductAndValidate status=SUCCESS method=SearchProductTestCase.seachProductAndValidate()[pri:1, instance:com.insticator.automationtask.testcases.SearchProductTestCase@5f9d02cb] output={null}]]]>
              </value>
            </param>
          </params>
          <reporter-output>
          </reporter-output>
        </test-method> <!-- getResult -->
      </class> <!-- com.insticator.automationtask.testcases.SearchProductTestCase -->
      <class name="com.insticator.automationtask.testcases.UserCreationTestCase">
        <test-method status="PASS" signature="initializeReport()[pri:0, instance:com.insticator.automationtask.testcases.UserCreationTestCase@3632be31]" name="initializeReport" is-config="true" duration-ms="89" started-at="2020-06-24T19:11:42 IST" finished-at="2020-06-24T19:11:42 IST">
          <reporter-output>
          </reporter-output>
        </test-method> <!-- initializeReport -->
        <test-method status="PASS" signature="initialization()[pri:0, instance:com.insticator.automationtask.testcases.UserCreationTestCase@3632be31]" name="initialization" is-config="true" duration-ms="14235" started-at="2020-06-24T19:11:42 IST" finished-at="2020-06-24T19:11:56 IST">
          <reporter-output>
          </reporter-output>
        </test-method> <!-- initialization -->
        <test-method status="PASS" signature="createUserAndValidate()[pri:1, instance:com.insticator.automationtask.testcases.UserCreationTestCase@3632be31]" name="createUserAndValidate" duration-ms="53268" started-at="2020-06-24T19:11:56 IST" finished-at="2020-06-24T19:12:49 IST">
          <reporter-output>
          </reporter-output>
        </test-method> <!-- createUserAndValidate -->
        <test-method status="PASS" signature="getResult(org.testng.ITestResult)[pri:0, instance:com.insticator.automationtask.testcases.UserCreationTestCase@3632be31]" name="getResult" is-config="true" duration-ms="1" started-at="2020-06-24T19:12:49 IST" finished-at="2020-06-24T19:12:49 IST">
          <params>
            <param index="0">
              <value>
                <![CDATA[[TestResult name=createUserAndValidate status=SUCCESS method=UserCreationTestCase.createUserAndValidate()[pri:1, instance:com.insticator.automationtask.testcases.UserCreationTestCase@3632be31] output={null}]]]>
              </value>
            </param>
          </params>
          <reporter-output>
          </reporter-output>
        </test-method> <!-- getResult -->
        <test-method status="PASS" signature="closeBrowser()[pri:0, instance:com.insticator.automationtask.testcases.UserCreationTestCase@3632be31]" name="closeBrowser" is-config="true" duration-ms="618" started-at="2020-06-24T19:13:59 IST" finished-at="2020-06-24T19:13:59 IST">
          <reporter-output>
          </reporter-output>
        </test-method> <!-- closeBrowser -->
        <test-method status="PASS" signature="tearDown()[pri:0, instance:com.insticator.automationtask.testcases.UserCreationTestCase@3632be31]" name="tearDown" is-config="true" duration-ms="199" started-at="2020-06-24T19:13:59 IST" finished-at="2020-06-24T19:14:00 IST">
          <reporter-output>
          </reporter-output>
        </test-method> <!-- tearDown -->
      </class> <!-- com.insticator.automationtask.testcases.UserCreationTestCase -->
    </test> <!-- Automation Practice -->
  </suite> <!-- Automation Test Practice Suite -->
</testng-results>
