<?xml version="1.0" encoding="UTF-8"?>
<testng-results skipped="0" failed="0" ignored="0" total="1" passed="1">
  <reporter-output>
  </reporter-output>
  <suite name="Default suite" duration-ms="83203" started-at="2020-06-23T09:10:42 IST" finished-at="2020-06-23T09:12:06 IST">
    <groups>
    </groups>
    <test name="Default test" duration-ms="83203" started-at="2020-06-23T09:10:42 IST" finished-at="2020-06-23T09:12:06 IST">
      <class name="com.insticator.automationtask.testcases.OrderAProductTestCase">
        <test-method status="PASS" signature="initialization()[pri:0, instance:com.insticator.automationtask.testcases.OrderAProductTestCase@6895a785]" name="initialization" is-config="true" duration-ms="13044" started-at="2020-06-23T09:10:42 IST" finished-at="2020-06-23T09:10:55 IST">
          <reporter-output>
          </reporter-output>
        </test-method> <!-- initialization -->
        <test-method status="PASS" signature="productPurchaseAndValidate()[pri:1, instance:com.insticator.automationtask.testcases.OrderAProductTestCase@6895a785]" name="productPurchaseAndValidate" duration-ms="70081" started-at="2020-06-23T09:10:55 IST" finished-at="2020-06-23T09:12:06 IST">
          <reporter-output>
          </reporter-output>
        </test-method> <!-- productPurchaseAndValidate -->
        <test-method status="PASS" signature="closeBrowser()[pri:0, instance:com.insticator.automationtask.testcases.OrderAProductTestCase@6895a785]" name="closeBrowser" is-config="true" duration-ms="46" started-at="2020-06-23T09:12:06 IST" finished-at="2020-06-23T09:12:06 IST">
          <reporter-output>
          </reporter-output>
        </test-method> <!-- closeBrowser -->
        <test-method status="PASS" signature="tearDown()[pri:0, instance:com.insticator.automationtask.testcases.OrderAProductTestCase@6895a785]" name="tearDown" is-config="true" duration-ms="585" started-at="2020-06-23T09:12:06 IST" finished-at="2020-06-23T09:12:06 IST">
          <reporter-output>
          </reporter-output>
        </test-method> <!-- tearDown -->
      </class> <!-- com.insticator.automationtask.testcases.OrderAProductTestCase -->
    </test> <!-- Default test -->
  </suite> <!-- Default suite -->
</testng-results>
